This is pdfTeX, Version 3.14159265-2.6-1.40.17 (TeX Live 2016/W32TeX) (preloaded format=pdflatex 2016.10.27)  8 MAY 2017 21:16
entering extended mode
 restricted \write18 enabled.
 %&-line parsing enabled.
**./Studienarbeit.tex
(./Studienarbeit.tex
LaTeX2e <2016/03/31> patch level 3
Babel <3.9r> and hyphenation patterns for 83 language(s) loaded.
(c:/texlive/2016/texmf-dist/tex/latex/koma-script/scrreprt.cls
Document Class: scrreprt 2016/06/14 v3.21 KOMA-Script document class (report)
(c:/texlive/2016/texmf-dist/tex/latex/koma-script/scrkbase.sty
Package: scrkbase 2016/06/14 v3.21 KOMA-Script package (KOMA-Script-dependent b
asics and keyval usage)

(c:/texlive/2016/texmf-dist/tex/latex/koma-script/scrbase.sty
Package: scrbase 2016/06/14 v3.21 KOMA-Script package (KOMA-Script-independent 
basics and keyval usage)

(c:/texlive/2016/texmf-dist/tex/latex/graphics/keyval.sty
Package: keyval 2014/10/28 v1.15 key=value parser (DPC)
\KV@toks@=\toks14
)
(c:/texlive/2016/texmf-dist/tex/latex/koma-script/scrlfile.sty
Package: scrlfile 2016/06/14 v3.21 KOMA-Script package (loading files)

Package scrlfile, 2016/06/14 v3.21 KOMA-Script package (loading files)
                  Copyright (C) Markus Kohm

))) (c:/texlive/2016/texmf-dist/tex/latex/koma-script/tocbasic.sty
Package: tocbasic 2016/06/14 v3.21 KOMA-Script package (handling toc-files)
\scr@dte@tocline@numberwidth=\skip41
\scr@dte@tocline@numbox=\box26
)
Package tocbasic Info: omitting babel extension for `toc'
(tocbasic)             because of feature `nobabel' available
(tocbasic)             for `toc' on input line 132.
Package tocbasic Info: omitting babel extension for `lof'
(tocbasic)             because of feature `nobabel' available
(tocbasic)             for `lof' on input line 133.
Package tocbasic Info: omitting babel extension for `lot'
(tocbasic)             because of feature `nobabel' available
(tocbasic)             for `lot' on input line 134.
Package tocbasic Info: defining new hook before heading of `' on input line 160
6.
Package scrreprt Info: You've used standard option `11pt'.
(scrreprt)             This is correct!
(scrreprt)             Internally I'm using `fontsize=11pt'.
(scrreprt)             If you'd like to set the option with \KOMAoptions,
(scrreprt)             you'd have to use `fontsize=11pt' there
(scrreprt)             instead of `11pt', too.
Class scrreprt Info: You've used standard option `oneside'.
(scrreprt)           This is correct!
(scrreprt)           Internally I'm using `twoside=false'.
(scrreprt)           If you'd like to set the option with \KOMAoptions,
(scrreprt)           you'd have to use `twoside=false' there
(scrreprt)           instead of `oneside', too.


Class scrreprt Warning: You've used obsolete option `liststotoc'.
(scrreprt)              Usage of this option indicates an old document
(scrreprt)              and changes compatibility level using
(scrreprt)              `listof=totoc,version=first,
(scrreprt)              enabledeprecatedfontcommands' that may result
(scrreprt)              in further warnings.
(scrreprt)              If you don't want this, you should simply
(scrreprt)              replace option `liststotoc' by `listof=totoc'.

Class scrreprt Info: Switching compatibility level to `first'.

Class scrreprt Warning: deprecated option `enabledeprecatedfontcommands'.
(scrreprt)              Note, that this option was already depreacted when
(scrreprt)              it has been defined. Support for old font commands
(scrreprt)              has been removed from KOMA-Script more than one
(scrreprt)              decade ago. It is not recommended to use them any
(scrreprt)              longer. Therefore usage of this class option also
(scrreprt)              is not recommended.


Class scrreprt Warning: You've used obsolete option `bibtotoc'.
(scrreprt)              Usage of this option indicates an old document
(scrreprt)              and changes compatibility level using
(scrreprt)              `bibliography=totoc,version=first,
(scrreprt)              enabledeprecatedfontcommands' that may result
(scrreprt)              in further warnings.
(scrreprt)              If you don't want this, you should simply
(scrreprt)              replace option `bibtotoc' by `bibliography=totoc'.

Class scrreprt Info: Switching compatibility level to `first'.

Class scrreprt Warning: deprecated option `enabledeprecatedfontcommands'.
(scrreprt)              Note, that this option was already depreacted when
(scrreprt)              it has been defined. Support for old font commands
(scrreprt)              has been removed from KOMA-Script more than one
(scrreprt)              decade ago. It is not recommended to use them any
(scrreprt)              longer. Therefore usage of this class option also
(scrreprt)              is not recommended.

Class scrreprt Info: File `scrsize11pt.clo' used to setup font sizes on input l
ine 2266.
(c:/texlive/2016/texmf-dist/tex/latex/koma-script/scrsize11pt.clo
File: scrsize11pt.clo 2016/06/14 v3.21 KOMA-Script font size class option (11pt
)
)
(c:/texlive/2016/texmf-dist/tex/latex/koma-script/typearea.sty
Package: typearea 2016/06/14 v3.21 KOMA-Script package (type area)

Package typearea, 2016/06/14 v3.21 KOMA-Script package (type area)
                  Copyright (C) Frank Neukam, 1992-1994
                  Copyright (C) Markus Kohm, 1994-

\ta@bcor=\skip42
\ta@div=\count79
Package typearea Info: You've used standard option `a4paper'.
(typearea)             This is correct!
(typearea)             Internally I'm using `paper=a4'.
(typearea)             If you'd like to set the option with \KOMAoptions,
(typearea)             you'd have to use `paper=a4' there
(typearea)             instead of `a4paper', too.
Package typearea Info: You've used standard option `oneside'.
(typearea)             This is correct!
(typearea)             Internally I'm using `twoside=false'.
(typearea)             If you'd like to set the option with \KOMAoptions,
(typearea)             you'd have to use `twoside=false' there
(typearea)             instead of `oneside', too.
\ta@hblk=\skip43
\ta@vblk=\skip44
\ta@temp=\skip45
\footheight=\skip46
Package typearea Info: These are the values describing the layout:
(typearea)             DIV  = 10
(typearea)             BCOR = 17.07164pt
(typearea)             \paperwidth      = 597.50793pt
(typearea)              \textwidth      = 406.30542pt
(typearea)              DIV departure   = -3%
(typearea)              \evensidemargin = 31.86708pt
(typearea)              \oddsidemargin  = 31.86708pt
(typearea)             \paperheight     = 845.04694pt
(typearea)              \textheight     = 555.00024pt
(typearea)              \topmargin      = 12.2347pt
(typearea)              \headheight     = 17.0pt
(typearea)              \headsep        = 20.40001pt
(typearea)              \topskip        = 11.0pt
(typearea)              \footskip       = 47.6pt
(typearea)              \baselineskip   = 13.6pt
(typearea)              on input line 1529.
)
\c@part=\count80
\c@chapter=\count81
\c@section=\count82
\c@subsection=\count83
\c@subsubsection=\count84
\c@paragraph=\count85
\c@subparagraph=\count86
\scr@dte@part@maxnumwidth=\skip47
\scr@dte@chapter@maxnumwidth=\skip48
\scr@dte@section@maxnumwidth=\skip49
\scr@dte@subsection@maxnumwidth=\skip50
\scr@dte@subsubsection@maxnumwidth=\skip51
\scr@dte@paragraph@maxnumwidth=\skip52
\scr@dte@subparagraph@maxnumwidth=\skip53
LaTeX Info: Redefining \textsubscript on input line 4780.
\abovecaptionskip=\skip54
\belowcaptionskip=\skip55
\c@pti@nb@sid@b@x=\box27
\c@figure=\count87
\c@table=\count88
Class scrreprt Info: Redefining `\numberline' on input line 5801.
\bibindent=\dimen102
) (c:/texlive/2016/texmf-dist/tex/latex/ucs/ucs.sty
Package: ucs 2013/05/11 v2.2 UCS: Unicode input support

(c:/texlive/2016/texmf-dist/tex/latex/ucs/data/uni-global.def
File: uni-global.def 2013/05/13 UCS: Unicode global data
)
\uc@secondtry=\count89
\uc@combtoks=\toks15
\uc@combtoksb=\toks16
\uc@temptokena=\toks17
)
(c:/texlive/2016/texmf-dist/tex/latex/base/inputenc.sty
Package: inputenc 2015/03/17 v1.2c Input encoding file
\inpenc@prehook=\toks18
\inpenc@posthook=\toks19

(c:/texlive/2016/texmf-dist/tex/latex/ucs/utf8x.def
File: utf8x.def 2004/10/17 UCS: Input encoding UTF-8
))
(c:/texlive/2016/texmf-dist/tex/generic/babel/babel.sty
Package: babel 2016/04/23 3.9r The Babel package

(c:/texlive/2016/texmf-dist/tex/generic/babel-german/german.ldf
Language: german 2014/10/10 v2.7b German support for babel (traditional orthogr
aphy)

(c:/texlive/2016/texmf-dist/tex/generic/babel-german/germanb.ldf
Language: germanb 2014/10/10 v2.7b German support for babel (traditional orthog
raphy)

(c:/texlive/2016/texmf-dist/tex/generic/babel/babel.def
File: babel.def 2016/04/23 3.9r Babel common definitions
\babel@savecnt=\count90
\U@D=\dimen103
)
\l@austrian = a dialect from \language\l@german 
Package babel Info: Making " an active character on input line 110.
)))
(c:/texlive/2016/texmf-dist/tex/latex/base/fontenc.sty
Package: fontenc 2016/06/19 v1.99m Standard LaTeX package

(c:/texlive/2016/texmf-dist/tex/latex/base/t1enc.def
File: t1enc.def 2016/06/19 v1.99m Standard LaTeX file
LaTeX Font Info:    Redeclaring font encoding T1 on input line 48.
))
(c:/texlive/2016/texmf-dist/tex/latex/graphics/graphicx.sty
Package: graphicx 2014/10/28 v1.0g Enhanced LaTeX Graphics (DPC,SPQR)

(c:/texlive/2016/texmf-dist/tex/latex/graphics/graphics.sty
Package: graphics 2016/07/10 v1.0t Standard LaTeX Graphics (DPC,SPQR)

(c:/texlive/2016/texmf-dist/tex/latex/graphics/trig.sty
Package: trig 2016/01/03 v1.10 sin cos tan (DPC)
)
(c:/texlive/2016/texmf-dist/tex/latex/graphics-cfg/graphics.cfg
File: graphics.cfg 2016/06/04 v1.11 sample graphics configuration
)
Package graphics Info: Driver file: pdftex.def on input line 99.

(c:/texlive/2016/texmf-dist/tex/latex/graphics-def/pdftex.def
File: pdftex.def 2016/07/10 v0.06j Graphics/color for pdfTeX

(c:/texlive/2016/texmf-dist/tex/generic/oberdiek/infwarerr.sty
Package: infwarerr 2016/05/16 v1.4 Providing info/warning/error messages (HO)
)
(c:/texlive/2016/texmf-dist/tex/generic/oberdiek/ltxcmds.sty
Package: ltxcmds 2016/05/16 v1.23 LaTeX kernel commands for general use (HO)
)
\Gread@gobject=\count91
))
\Gin@req@height=\dimen104
\Gin@req@width=\dimen105
)
(c:/texlive/2016/texmf-dist/tex/latex/psnfss/mathpazo.sty
Package: mathpazo 2005/04/12 PSNFSS-v9.2a Palatino w/ Pazo Math (D.Puga, WaS) 
\symupright=\mathgroup4
)
(c:/texlive/2016/texmf-dist/tex/latex/base/textcomp.sty
Package: textcomp 2016/06/19 v1.99m Standard LaTeX package
Package textcomp Info: Sub-encoding information:
(textcomp)               5 = only ISO-Adobe without \textcurrency
(textcomp)               4 = 5 + \texteuro
(textcomp)               3 = 4 + \textohm
(textcomp)               2 = 3 + \textestimated + \textcurrency
(textcomp)               1 = TS1 - \textcircled - \t
(textcomp)               0 = TS1 (full)
(textcomp)             Font families with sub-encoding setting implement
(textcomp)             only a restricted character set as indicated.
(textcomp)             Family '?' is the default used for unknown fonts.
(textcomp)             See the documentation for details.
Package textcomp Info: Setting ? sub-encoding to TS1/1 on input line 79.

(c:/texlive/2016/texmf-dist/tex/latex/base/ts1enc.def
File: ts1enc.def 2001/06/05 v3.0e (jk/car/fm) Standard LaTeX file
)
LaTeX Info: Redefining \oldstylenums on input line 334.
Package textcomp Info: Setting cmr sub-encoding to TS1/0 on input line 349.
Package textcomp Info: Setting cmss sub-encoding to TS1/0 on input line 350.
Package textcomp Info: Setting cmtt sub-encoding to TS1/0 on input line 351.
Package textcomp Info: Setting cmvtt sub-encoding to TS1/0 on input line 352.
Package textcomp Info: Setting cmbr sub-encoding to TS1/0 on input line 353.
Package textcomp Info: Setting cmtl sub-encoding to TS1/0 on input line 354.
Package textcomp Info: Setting ccr sub-encoding to TS1/0 on input line 355.
Package textcomp Info: Setting ptm sub-encoding to TS1/4 on input line 356.
Package textcomp Info: Setting pcr sub-encoding to TS1/4 on input line 357.
Package textcomp Info: Setting phv sub-encoding to TS1/4 on input line 358.
Package textcomp Info: Setting ppl sub-encoding to TS1/3 on input line 359.
Package textcomp Info: Setting pag sub-encoding to TS1/4 on input line 360.
Package textcomp Info: Setting pbk sub-encoding to TS1/4 on input line 361.
Package textcomp Info: Setting pnc sub-encoding to TS1/4 on input line 362.
Package textcomp Info: Setting pzc sub-encoding to TS1/4 on input line 363.
Package textcomp Info: Setting bch sub-encoding to TS1/4 on input line 364.
Package textcomp Info: Setting put sub-encoding to TS1/5 on input line 365.
Package textcomp Info: Setting uag sub-encoding to TS1/5 on input line 366.
Package textcomp Info: Setting ugq sub-encoding to TS1/5 on input line 367.
Package textcomp Info: Setting ul8 sub-encoding to TS1/4 on input line 368.
Package textcomp Info: Setting ul9 sub-encoding to TS1/4 on input line 369.
Package textcomp Info: Setting augie sub-encoding to TS1/5 on input line 370.
Package textcomp Info: Setting dayrom sub-encoding to TS1/3 on input line 371.
Package textcomp Info: Setting dayroms sub-encoding to TS1/3 on input line 372.

Package textcomp Info: Setting pxr sub-encoding to TS1/0 on input line 373.
Package textcomp Info: Setting pxss sub-encoding to TS1/0 on input line 374.
Package textcomp Info: Setting pxtt sub-encoding to TS1/0 on input line 375.
Package textcomp Info: Setting txr sub-encoding to TS1/0 on input line 376.
Package textcomp Info: Setting txss sub-encoding to TS1/0 on input line 377.
Package textcomp Info: Setting txtt sub-encoding to TS1/0 on input line 378.
Package textcomp Info: Setting lmr sub-encoding to TS1/0 on input line 379.
Package textcomp Info: Setting lmdh sub-encoding to TS1/0 on input line 380.
Package textcomp Info: Setting lmss sub-encoding to TS1/0 on input line 381.
Package textcomp Info: Setting lmssq sub-encoding to TS1/0 on input line 382.
Package textcomp Info: Setting lmvtt sub-encoding to TS1/0 on input line 383.
Package textcomp Info: Setting lmtt sub-encoding to TS1/0 on input line 384.
Package textcomp Info: Setting qhv sub-encoding to TS1/0 on input line 385.
Package textcomp Info: Setting qag sub-encoding to TS1/0 on input line 386.
Package textcomp Info: Setting qbk sub-encoding to TS1/0 on input line 387.
Package textcomp Info: Setting qcr sub-encoding to TS1/0 on input line 388.
Package textcomp Info: Setting qcs sub-encoding to TS1/0 on input line 389.
Package textcomp Info: Setting qpl sub-encoding to TS1/0 on input line 390.
Package textcomp Info: Setting qtm sub-encoding to TS1/0 on input line 391.
Package textcomp Info: Setting qzc sub-encoding to TS1/0 on input line 392.
Package textcomp Info: Setting qhvc sub-encoding to TS1/0 on input line 393.
Package textcomp Info: Setting futs sub-encoding to TS1/4 on input line 394.
Package textcomp Info: Setting futx sub-encoding to TS1/4 on input line 395.
Package textcomp Info: Setting futj sub-encoding to TS1/4 on input line 396.
Package textcomp Info: Setting hlh sub-encoding to TS1/3 on input line 397.
Package textcomp Info: Setting hls sub-encoding to TS1/3 on input line 398.
Package textcomp Info: Setting hlst sub-encoding to TS1/3 on input line 399.
Package textcomp Info: Setting hlct sub-encoding to TS1/5 on input line 400.
Package textcomp Info: Setting hlx sub-encoding to TS1/5 on input line 401.
Package textcomp Info: Setting hlce sub-encoding to TS1/5 on input line 402.
Package textcomp Info: Setting hlcn sub-encoding to TS1/5 on input line 403.
Package textcomp Info: Setting hlcw sub-encoding to TS1/5 on input line 404.
Package textcomp Info: Setting hlcf sub-encoding to TS1/5 on input line 405.
Package textcomp Info: Setting pplx sub-encoding to TS1/3 on input line 406.
Package textcomp Info: Setting pplj sub-encoding to TS1/3 on input line 407.
Package textcomp Info: Setting ptmx sub-encoding to TS1/4 on input line 408.
Package textcomp Info: Setting ptmj sub-encoding to TS1/4 on input line 409.
)
(c:/texlive/2016/texmf-dist/tex/latex/listings/listings.sty
\lst@mode=\count92
\lst@gtempboxa=\box28
\lst@token=\toks20
\lst@length=\count93
\lst@currlwidth=\dimen106
\lst@column=\count94
\lst@pos=\count95
\lst@lostspace=\dimen107
\lst@width=\dimen108
\lst@newlines=\count96
\lst@lineno=\count97
\lst@maxwidth=\dimen109

(c:/texlive/2016/texmf-dist/tex/latex/listings/lstmisc.sty
File: lstmisc.sty 2015/06/04 1.6 (Carsten Heinz)
\c@lstnumber=\count98
\lst@skipnumbers=\count99
\lst@framebox=\box29
)
(c:/texlive/2016/texmf-dist/tex/latex/listings/listings.cfg
File: listings.cfg 2015/06/04 1.6 listings configuration
))
Package: listings 2015/06/04 1.6 (Carsten Heinz)

(c:/texlive/2016/texmf-dist/tex/latex/xcolor/xcolor.sty
Package: xcolor 2016/05/11 v2.12 LaTeX color extensions (UK)

(c:/texlive/2016/texmf-dist/tex/latex/graphics-cfg/color.cfg
File: color.cfg 2016/01/02 v1.6 sample color configuration
)
Package xcolor Info: Driver file: pdftex.def on input line 225.
Package xcolor Info: Model `cmy' substituted by `cmy0' on input line 1348.
Package xcolor Info: Model `hsb' substituted by `rgb' on input line 1352.
Package xcolor Info: Model `RGB' extended on input line 1364.
Package xcolor Info: Model `HTML' substituted by `rgb' on input line 1366.
Package xcolor Info: Model `Hsb' substituted by `hsb' on input line 1367.
Package xcolor Info: Model `tHsb' substituted by `hsb' on input line 1368.
Package xcolor Info: Model `HSB' substituted by `hsb' on input line 1369.
Package xcolor Info: Model `Gray' substituted by `gray' on input line 1370.
Package xcolor Info: Model `wave' substituted by `hsb' on input line 1371.
)
(c:/texlive/2016/texmf-dist/tex/latex/listings/lstlang1.sty
File: lstlang1.sty 2015/06/04 1.6 listings language file
)
(c:/texlive/2016/texmf-dist/tex/latex/listings/lstlang1.sty
File: lstlang1.sty 2015/06/04 1.6 listings language file
)
(c:/texlive/2016/texmf-dist/tex/latex/listings/lstmisc.sty
File: lstmisc.sty 2015/06/04 1.6 (Carsten Heinz)
)
(c:/texlive/2016/texmf-dist/tex/latex/nomencl/nomencl.sty
Package: nomencl 2005/09/22 v4.2 Nomenclature package (LN)
\nomlabelwidth=\dimen110
\nom@tempdim=\dimen111
\nomitemsep=\skip56
)

Class scrreprt Warning: Usage of package `fancyhdr' together
(scrreprt)              with a KOMA-Script class is not recommended.
(scrreprt)              I'd suggest to use 
(scrreprt)              package `scrlayer-scrpage'.
(scrreprt)              Nevertheless, using requested
(scrreprt)              package `fancyhdr' on input line 30.

(c:/texlive/2016/texmf-dist/tex/latex/fancyhdr/fancyhdr.sty
Package: fancyhdr 2016/09/06 3.8 Extensive control of page headers and footers
\fancy@headwidth=\skip57
\f@ncyO@elh=\skip58
\f@ncyO@erh=\skip59
\f@ncyO@olh=\skip60
\f@ncyO@orh=\skip61
\f@ncyO@elf=\skip62
\f@ncyO@erf=\skip63
\f@ncyO@olf=\skip64
\f@ncyO@orf=\skip65
)
(c:/texlive/2016/texmf-dist/tex/latex/listing/listing.sty
Package: listing 1999/05/25

Package `listing', V1.2, <1999/05/25>
\c@listing=\count100
) (c:/texlive/2016/texmf-dist/tex/latex/setspace/setspace.sty
Package: setspace 2011/12/19 v6.7a set line spacing
)
(c:/texlive/2016/texmf-dist/tex/latex/hyperref/nameref.sty
Package: nameref 2016/05/21 v2.44 Cross-referencing by name of section

(c:/texlive/2016/texmf-dist/tex/latex/oberdiek/refcount.sty
Package: refcount 2016/05/16 v3.5 Data extraction from label references (HO)
)
(c:/texlive/2016/texmf-dist/tex/generic/oberdiek/gettitlestring.sty
Package: gettitlestring 2016/05/16 v1.5 Cleanup title references (HO)

(c:/texlive/2016/texmf-dist/tex/latex/oberdiek/kvoptions.sty
Package: kvoptions 2016/05/16 v3.12 Key value format for package options (HO)

(c:/texlive/2016/texmf-dist/tex/generic/oberdiek/kvsetkeys.sty
Package: kvsetkeys 2016/05/16 v1.17 Key value parser (HO)

(c:/texlive/2016/texmf-dist/tex/generic/oberdiek/etexcmds.sty
Package: etexcmds 2016/05/16 v1.6 Avoid name clashes with e-TeX commands (HO)

(c:/texlive/2016/texmf-dist/tex/generic/oberdiek/ifluatex.sty
Package: ifluatex 2016/05/16 v1.4 Provides the ifluatex switch (HO)
Package ifluatex Info: LuaTeX not detected.
)
Package etexcmds Info: Could not find \expanded.
(etexcmds)             That can mean that you are not using pdfTeX 1.50 or
(etexcmds)             that some package has redefined \expanded.
(etexcmds)             In the latter case, load this package earlier.
))))
\c@section@level=\count101
LaTeX Info: Redefining \ref on input line 355.
LaTeX Info: Redefining \pageref on input line 355.
)
(c:/texlive/2016/texmf-dist/tex/latex/url/url.sty
\Urlmuskip=\muskip10
Package: url 2013/09/16  ver 3.4  Verb mode for urls, etc.
)
(c:/texlive/2016/texmf-dist/tex/latex/amsfonts/amssymb.sty
Package: amssymb 2013/01/14 v3.01 AMS font symbols

(c:/texlive/2016/texmf-dist/tex/latex/amsfonts/amsfonts.sty
Package: amsfonts 2013/01/14 v3.01 Basic AMSFonts support
\@emptytoks=\toks21
\symAMSa=\mathgroup5
\symAMSb=\mathgroup6
LaTeX Font Info:    Overwriting math alphabet `\mathfrak' in version `bold'
(Font)                  U/euf/m/n --> U/euf/b/n on input line 106.
))
\@nomenclaturefile=\write3
\openout3 = `Studienarbeit.nlo'.


Writing nomenclature file Studienarbeit.nlo
(./Inhalt/abkuerzungen.tex) (./Studienarbeit.aux (./Inhalt/titelseite.aux)
(./Inhalt/erklaerung.aux) (./Inhalt/abstract.aux) (./Inhalt/einleitung.aux)
(./Inhalt/vorlagen.aux) (./Inhalt/implementation.aux

LaTeX Warning: Label `fig:radial' multiply defined.


LaTeX Warning: Label `fig:radial' multiply defined.


LaTeX Warning: Label `fig:pinhole' multiply defined.


LaTeX Warning: Label `fig:radial' multiply defined.

) (./Inhalt/Evaluation.aux))
\openout1 = `Studienarbeit.aux'.

LaTeX Font Info:    Checking defaults for OML/cmm/m/it on input line 91.
LaTeX Font Info:    ... okay on input line 91.
LaTeX Font Info:    Checking defaults for T1/cmr/m/n on input line 91.
LaTeX Font Info:    ... okay on input line 91.
LaTeX Font Info:    Checking defaults for OT1/cmr/m/n on input line 91.
LaTeX Font Info:    ... okay on input line 91.
LaTeX Font Info:    Checking defaults for OMS/cmsy/m/n on input line 91.
LaTeX Font Info:    ... okay on input line 91.
LaTeX Font Info:    Checking defaults for OMX/cmex/m/n on input line 91.
LaTeX Font Info:    ... okay on input line 91.
LaTeX Font Info:    Checking defaults for U/cmr/m/n on input line 91.
LaTeX Font Info:    ... okay on input line 91.
LaTeX Font Info:    Checking defaults for TS1/cmr/m/n on input line 91.
LaTeX Font Info:    Try loading font information for TS1+cmr on input line 91.

(c:/texlive/2016/texmf-dist/tex/latex/base/ts1cmr.fd
File: ts1cmr.fd 2014/09/29 v2.5h Standard LaTeX font definitions
)
LaTeX Font Info:    ... okay on input line 91.
LaTeX Font Info:    Try loading font information for T1+ppl on input line 91.

(c:/texlive/2016/texmf-dist/tex/latex/psnfss/t1ppl.fd
File: t1ppl.fd 2001/06/04 font definitions for T1/ppl.
)
(c:/texlive/2016/texmf-dist/tex/latex/ucs/ucsencs.def
File: ucsencs.def 2011/01/21 Fixes to fontencodings LGR, T3
)
(c:/texlive/2016/texmf-dist/tex/context/base/mkii/supp-pdf.mkii
[Loading MPS to PDF converter (version 2006.09.02).]
\scratchcounter=\count102
\scratchdimen=\dimen112
\scratchbox=\box30
\nofMPsegments=\count103
\nofMParguments=\count104
\everyMPshowfont=\toks22
\MPscratchCnt=\count105
\MPscratchDim=\dimen113
\MPnumerator=\count106
\makeMPintoPDFobject=\count107
\everyMPtoPDFconversion=\toks23
) (c:/texlive/2016/texmf-dist/tex/generic/oberdiek/pdftexcmds.sty
Package: pdftexcmds 2016/05/21 v0.22 Utility functions of pdfTeX for LuaTeX (HO
)

(c:/texlive/2016/texmf-dist/tex/generic/oberdiek/ifpdf.sty
Package: ifpdf 2016/05/14 v3.1 Provides the ifpdf switch
)
Package pdftexcmds Info: LuaTeX not detected.
Package pdftexcmds Info: \pdf@primitive is available.
Package pdftexcmds Info: \pdf@ifprimitive is available.
Package pdftexcmds Info: \pdfdraftmode found.
)
(c:/texlive/2016/texmf-dist/tex/latex/oberdiek/epstopdf-base.sty
Package: epstopdf-base 2016/05/15 v2.6 Base part for package epstopdf

(c:/texlive/2016/texmf-dist/tex/latex/oberdiek/grfext.sty
Package: grfext 2016/05/16 v1.2 Manage graphics extensions (HO)

(c:/texlive/2016/texmf-dist/tex/generic/oberdiek/kvdefinekeys.sty
Package: kvdefinekeys 2016/05/16 v1.4 Define keys (HO)
))
Package epstopdf-base Info: Redefining graphics rule for `.eps' on input line 4
38.
Package grfext Info: Graphics extension search list:
(grfext)             [.png,.pdf,.jpg,.mps,.jpeg,.jbig2,.jb2,.PNG,.PDF,.JPG,.JPE
G,.JBIG2,.JB2,.eps]
(grfext)             \AppendGraphicsExtensions on input line 456.

(c:/texlive/2016/texmf-dist/tex/latex/latexconfig/epstopdf-sys.cfg
File: epstopdf-sys.cfg 2010/07/13 v1.3 Configuration of (r)epstopdf for TeX Liv
e
))
\big@size=\dimen114
\c@lstlisting=\count108
LaTeX Font Info:    Try loading font information for T1+cmss on input line 95.

(c:/texlive/2016/texmf-dist/tex/latex/base/t1cmss.fd
File: t1cmss.fd 2014/09/29 v2.5h Standard LaTeX font definitions
)
\openout2 = `Inhalt/titelseite.aux'.

 (./Inhalt/titelseite.tex
<Bilder/logo_dhbw.jpg, id=1, 86.9649pt x 44.3256pt>
File: Bilder/logo_dhbw.jpg Graphic file (type jpg)
 <use Bilder/logo_dhbw.jpg>
Package pdftex.def Info: Bilder/logo_dhbw.jpg used on input line 17.
(pdftex.def)             Requested size: 173.92935pt x 88.65097pt.

Overfull \hbox (31.66557pt too wide) in paragraph at lines 17--18
 [][] 
 []

LaTeX Font Info:    Try loading font information for OT1+ppl on input line 20.
(c:/texlive/2016/texmf-dist/tex/latex/psnfss/ot1ppl.fd
File: ot1ppl.fd 2001/06/04 font definitions for OT1/ppl.
)
LaTeX Font Info:    Try loading font information for OML+zplm on input line 20.


(c:/texlive/2016/texmf-dist/tex/latex/psnfss/omlzplm.fd
File: omlzplm.fd 2002/09/08 Fontinst v1.914 font definitions for OML/zplm.
)
LaTeX Font Info:    Try loading font information for OMS+zplm on input line 20.


(c:/texlive/2016/texmf-dist/tex/latex/psnfss/omszplm.fd
File: omszplm.fd 2002/09/08 Fontinst v1.914 font definitions for OMS/zplm.
)
LaTeX Font Info:    Try loading font information for OMX+zplm on input line 20.


(c:/texlive/2016/texmf-dist/tex/latex/psnfss/omxzplm.fd
File: omxzplm.fd 2002/09/08 Fontinst v1.914 font definitions for OMX/zplm.
)
LaTeX Font Info:    Try loading font information for OT1+zplm on input line 20.


(c:/texlive/2016/texmf-dist/tex/latex/psnfss/ot1zplm.fd
File: ot1zplm.fd 2002/09/08 Fontinst v1.914 font definitions for OT1/zplm.
)
LaTeX Font Info:    Font shape `U/msa/m/n' will be
(Font)              scaled to size 11.40997pt on input line 20.
LaTeX Font Info:    Font shape `U/msa/m/n' will be
(Font)              scaled to size 8.33606pt on input line 20.
LaTeX Font Info:    Font shape `U/msa/m/n' will be
(Font)              scaled to size 6.25204pt on input line 20.
LaTeX Font Info:    Font shape `U/msb/m/n' will be
(Font)              scaled to size 11.40997pt on input line 20.
LaTeX Font Info:    Font shape `U/msb/m/n' will be
(Font)              scaled to size 8.33606pt on input line 20.
LaTeX Font Info:    Font shape `U/msb/m/n' will be
(Font)              scaled to size 6.25204pt on input line 20.


LaTeX Font Warning: Font shape `T1/cmss/m/sc' in size <20.74> not available
(Font)              Font shape `T1/cmr/m/sc' tried instead on input line 33.


LaTeX Font Warning: Font shape `T1/cmss/bx/sc' undefined
(Font)              using `T1/cmss/bx/n' instead on input line 33.

(c:/texlive/2016/texmf-dist/tex/latex/ucs/data/uni-0.def
File: uni-0.def 2013/05/13 UCS: Unicode data U+0000..U+00FF
) [1



{c:/texlive/2016/texmf-var/fonts/map/pdftex/updmap/pdftex.map} <./Bilder/logo_d
hbw.jpg>])
\openout2 = `Inhalt/erklaerung.aux'.


(./Inhalt/erklaerung.tex
(c:/texlive/2016/texmf-dist/tex/latex/ucs/data/uni-32.def
File: uni-32.def 2013/05/13 UCS: Unicode data U+2000..U+20FF
)
Underfull \hbox (badness 10000) in paragraph at lines 8--9

 []


Underfull \hbox (badness 10000) in paragraph at lines 11--12

 []


Underfull \hbox (badness 10000) in paragraph at lines 13--14

 []


LaTeX Font Warning: Font shape `T1/cmss/m/sc' in size <10.95> not available
(Font)              Font shape `T1/cmr/m/sc' tried instead on input line 15.


Underfull \hbox (badness 10000) in paragraph at lines 15--16

 []

) [1


]
\openout2 = `Inhalt/abstract.aux'.

 (./Inhalt/abstract.tex) [2



] (./Studienarbeit.toc [3


])
\tf@toc=\write4
\openout4 = `Studienarbeit.toc'.

 [4] [5]
No file Studienarbeit.nls.
(./Studienarbeit.lof)
\tf@lof=\write5
\openout5 = `Studienarbeit.lof'.

 [6


]
\openout2 = `Inhalt/einleitung.aux'.

 (./Inhalt/einleitung.tex
chapter 1.

Class scrreprt Warning: \float@addtolists detected!
(scrreprt)              Implementation of \float@addtolist became
(scrreprt)              deprecated in KOMA-Script v3.01 2008/11/14 and
(scrreprt)              has been replaced by several more flexible
(scrreprt)              features of package `tocbasic`.
(scrreprt)              Since Version 3.12 support for deprecated
(scrreprt)              \float@addtolist interface has been
(scrreprt)              restricted to only some of the KOMA-Script
(scrreprt)              features and been removed from others.
(scrreprt)              Loading of package `scrhack' may help to
(scrreprt)              avoid this warning, if you are using a
(scrreprt)              a package that still implements the
(scrreprt)              deprecated \float@addtolist interface .


Underfull \hbox (badness 10000) in paragraph at lines 14--22

 []

[1


]
LaTeX Font Info:    Font shape `U/msa/m/n' will be
(Font)              scaled to size 9.37807pt on input line 25.
LaTeX Font Info:    Font shape `U/msa/m/n' will be
(Font)              scaled to size 7.29405pt on input line 25.
LaTeX Font Info:    Font shape `U/msa/m/n' will be
(Font)              scaled to size 5.21004pt on input line 25.
LaTeX Font Info:    Font shape `U/msb/m/n' will be
(Font)              scaled to size 9.37807pt on input line 25.
LaTeX Font Info:    Font shape `U/msb/m/n' will be
(Font)              scaled to size 7.29405pt on input line 25.
LaTeX Font Info:    Font shape `U/msb/m/n' will be
(Font)              scaled to size 5.21004pt on input line 25.
 [2] [3]) [4]
\openout2 = `Inhalt/vorlagen.aux'.

 (./Inhalt/vorlagen.tex
chapter 2.
<Bilder/ar_drone.png, id=49, 602.25pt x 322.95656pt>
File: Bilder/ar_drone.png Graphic file (type png)
 <use Bilder/ar_drone.png>
Package pdftex.def Info: Bilder/ar_drone.png used on input line 9.
(pdftex.def)             Requested size: 301.12425pt x 161.47787pt.

Overfull \hbox (1.62007pt too wide) in paragraph at lines 5--13
\T1/ppl/m/n/10.95 mit ei-ner mo-bi-len Ap-pli-ka-ti-on für An-dro-id und iOS Ge
-rä-te. Da-für baut sie ein WLAN
 []

LaTeX Font Info:    Try loading font information for TS1+ppl on input line 16.
(c:/texlive/2016/texmf-dist/tex/latex/psnfss/ts1ppl.fd
File: ts1ppl.fd 2001/06/04 font definitions for TS1/ppl.
) [5



 <./Bilder/ar_drone.png>] [6]
LaTeX Font Info:    Font shape `T1/ppl/bx/n' in size <10.95> not available
(Font)              Font shape `T1/ppl/b/n' tried instead on input line 37.

Overfull \hbox (27.64854pt too wide) in paragraph at lines 37--45
\T1/ppl/b/n/10.95 Open Sour-ce: \T1/ppl/m/n/10.95 Da ROS un-ter der BSD-Lizenz[
] steht, kann es so-wohl für nicht-kommerzielle
 []


Overfull \hbox (30.64859pt too wide) in paragraph at lines 37--45
\T1/ppl/m/n/10.95 fent-lich zu-gäng-lich. Ent-wick-ler kön-nen ih-re eig-nen Mo
-du-le be-lie-big lizenzieren.[[]][[]][[]] 
 []

[7] [8] <Bilder/pubsub1.jpg, id=68, 503.63156pt x 220.57407pt>
File: Bilder/pubsub1.jpg Graphic file (type jpg)

<use Bilder/pubsub1.jpg>
Package pdftex.def Info: Bilder/pubsub1.jpg used on input line 53.
(pdftex.def)             Requested size: 352.53969pt x 154.40079pt.
 [9]
<Bilder/real_structure.png, id=72, 414.04688pt x 218.31563pt>
File: Bilder/real_structure.png Graphic file (type png)

<use Bilder/real_structure.png>
Package pdftex.def Info: Bilder/real_structure.png used on input line 86.
(pdftex.def)             Requested size: 372.63873pt x 196.48222pt.

<Bilder/sim_structure.png, id=73, 376.40625pt x 248.42813pt>
File: Bilder/sim_structure.png Graphic file (type png)

<use Bilder/sim_structure.png>
Package pdftex.def Info: Bilder/sim_structure.png used on input line 93.
(pdftex.def)             Requested size: 376.40532pt x 248.42752pt.
 [10 <./Bilder/pubsub1.jpg>] [11] [12 <./Bilder/real_structure.png>] [13 <./Bil
der/sim_structure.png>]
Overfull \hbox (64.48486pt too wide) in paragraph at lines 105--106
\T1/ppl/m/n/10.95 wel-ches sich um den Um-gang mit gra-du-ell aus-ge-präg-ten W
ahr-heits-wer-ten kümmert.[[]][[]] 
 []

LaTeX Font Info:    Font shape `T1/ppl/bx/n' in size <9> not available
(Font)              Font shape `T1/ppl/b/n' tried instead on input line 115.
[14] [15] [16]
Underfull \hbox (badness 10000) in paragraph at lines 172--174

 []

[17] <Bilder/pointcloud_1.jpg, id=101, 694.595pt x 459.7175pt>
File: Bilder/pointcloud_1.jpg Graphic file (type jpg)

<use Bilder/pointcloud_1.jpg>
Package pdftex.def Info: Bilder/pointcloud_1.jpg used on input line 177.
(pdftex.def)             Requested size: 284.7858pt x 188.48538pt.
LaTeX Font Info:    Try loading font information for U+fplmbb on input line 182
.

(c:/texlive/2016/texmf-dist/tex/latex/psnfss/ufplmbb.fd
File: ufplmbb.fd 2003/10/30 Fontinst v1.914 font definitions for U/fplmbb.
)
Underfull \hbox (badness 10000) in paragraph at lines 182--183

 []

) [18 <./Bilder/pointcloud_1.jpg>] [19]
\openout2 = `Inhalt/implementation.aux'.

 (./Inhalt/implementation.tex
chapter 3.

Overfull \hbox (0.50383pt too wide) in paragraph at lines 7--17
\T1/ppl/m/n/10.95 mög-li-chen An-sät-zen und Li-mi-ta-tio-nen der Im-ple-men-ti
e-rung ei-nes As-si-stenz-sy-stems.
 []

[20



] [21]
Overfull \hbox (0.7007pt too wide) in paragraph at lines 20--21
\T1/ppl/m/n/10.95 fen-in-for-ma-tio-nen zu ge-win-nen. Die be-schrie-be-nen Im-
ple-men-tie-run-gen be-zie-hen sich
 []

<Bilder/SVO.jpg, id=116, 514.92375pt x 293.095pt>
File: Bilder/SVO.jpg Graphic file (type jpg)
 <use Bilder/SVO.jpg>
Package pdftex.def Info: Bilder/SVO.jpg used on input line 38.
(pdftex.def)             Requested size: 360.44417pt x 205.16508pt.

Overfull \hbox (0.61351pt too wide) in paragraph at lines 24--42
\T1/ppl/m/n/10.95 Diese Ei-gen-schaf-ten sind für die An-for-de-run-gen die-ser
 Ar-beit es-sen-ti-ell, da die Droh-
 []

[22]
Overfull \hbox (6.93181pt too wide) in paragraph at lines 43--46
\T1/ppl/m/n/10.95 Die An-zahl der ak-tu-ell ge-fun-de-nen Fea-tu-res kann da-be
i stark va-ri-ie-ren. Die-se Schwan-
 []

[23]
Underfull \hbox (badness 10000) in paragraph at lines 49--51

 []

<Bilder/pinhole.png, id=123, 401.5pt x 274.02374pt>
File: Bilder/pinhole.png Graphic file (type png)
 <use Bilder/pinhole.png>
Package pdftex.def Info: Bilder/pinhole.png used on input line 69.
(pdftex.def)             Requested size: 200.7495pt x 137.01154pt.

[24 <./Bilder/SVO.jpg>] [25]
<Bilder/distortion.png, id=131, 260.47313pt x 15.05624pt>
File: Bilder/distortion.png Graphic file (type png)

<use Bilder/distortion.png>
Package pdftex.def Info: Bilder/distortion.png used on input line 80.
(pdftex.def)             Requested size: 182.32994pt x 10.53929pt.

<Bilder/radialFactors.png, id=132, 213.79875pt x 36.88782pt>
File: Bilder/radialFactors.png Graphic file (type png)

<use Bilder/radialFactors.png>
Package pdftex.def Info: Bilder/radialFactors.png used on input line 88.
(pdftex.def)             Requested size: 149.6581pt x 25.82127pt.

<Bilder/tangentialFactors.png, id=133, 222.8325pt x 37.64063pt>
File: Bilder/tangentialFactors.png Graphic file (type png)

<use Bilder/tangentialFactors.png>
Package pdftex.def Info: Bilder/tangentialFactors.png used on input line 97.
(pdftex.def)             Requested size: 155.98167pt x 26.34824pt.

<Bilder/matrixEquation.png, id=134, 146.04562pt x 50.43843pt>
File: Bilder/matrixEquation.png Graphic file (type png)

<use Bilder/matrixEquation.png>
Package pdftex.def Info: Bilder/matrixEquation.png used on input line 105.
(pdftex.def)             Requested size: 102.23122pt x 35.30664pt.
 [26 <./Bilder/pinhole.png> <./Bilder/distortion.png> <./Bilder/radialFactors.p
ng>]
Underfull \hbox (badness 10000) in paragraph at lines 114--115

 []

<Bilder/calibrationChecker.png, id=142, 772.8875pt x 560.0925pt>
File: Bilder/calibrationChecker.png Graphic file (type png)

<use Bilder/calibrationChecker.png>
Package pdftex.def Info: Bilder/calibrationChecker.png used on input line 118.
(pdftex.def)             Requested size: 309.14952pt x 224.03302pt.

Underfull \hbox (badness 10000) in paragraph at lines 126--131

 []

[27 <./Bilder/tangentialFactors.png> <./Bilder/matrixEquation.png>] [28 <./Bild
er/calibrationChecker.png>]
<Bilder/remode_3dmodel.jpg, id=152, 1841.88126pt x 921.4425pt>
File: Bilder/remode_3dmodel.jpg Graphic file (type jpg)

<use Bilder/remode_3dmodel.jpg>
Package pdftex.def Info: Bilder/remode_3dmodel.jpg used on input line 134.
(pdftex.def)             Requested size: 405.21513pt x 202.71797pt.
 [29 <./Bilder/remode_3dmodel.jpg>]
<Bilder/REMODE_overview.jpg, id=156, 338.26375pt x 263.98625pt>
File: Bilder/REMODE_overview.jpg Graphic file (type jpg)

<use Bilder/REMODE_overview.jpg>
Package pdftex.def Info: Bilder/REMODE_overview.jpg used on input line 145.
(pdftex.def)             Requested size: 236.78299pt x 184.78911pt.

Overfull \hbox (6.08853pt too wide) in paragraph at lines 150--156
\T1/ppl/m/n/10.95 Die Im-ple-men-ta-ti-on setzt auf ei-ne durch-schnitt-li-che 
Be-we-gung der Ka-me-ra von 0.0038
 []


Underfull \hbox (badness 10000) in paragraph at lines 150--156

 []

[30 <./Bilder/REMODE_overview.jpg>]
Underfull \hbox (badness 10000) in paragraph at lines 162--169

 []

[31] [32]
Overfull \hbox (8.82574pt too wide) in paragraph at lines 174--175
\T1/ppl/m/n/10.95 Ver-si-ons-in-kom-pa-ti-bi-li-tä-ten ver-schie-de-ner ROS-Nod
es un-ter-ein-an-der, der ROS-Version
 []

[33] [34] <Bilder/page01.jpg, id=173, 845.0772pt x 597.432pt>
File: Bilder/page01.jpg Graphic file (type jpg)

<use Bilder/page01.jpg>
Package pdftex.def Info: Bilder/page01.jpg used on input line 193.
(pdftex.def)             Requested size: 418.52257pt x 294.70027pt.

Overfull \hbox (12.21715pt too wide) in paragraph at lines 193--195
 [][] 
 []

[35] <Bilder/skeletonmarkers.png, id=178, 1204.5pt x 877.2775pt>
File: Bilder/skeletonmarkers.png Graphic file (type png)

<use Bilder/skeletonmarkers.png>
Package pdftex.def Info: Bilder/skeletonmarkers.png used on input line 208.
(pdftex.def)             Requested size: 361.35278pt x 263.18527pt.
 [36 <./Bilder/page01.jpg>] [37 <./Bilder/skeletonmarkers.png>]
<Bilder/KinectController.jpg, id=188, 375.65344pt x 195.73125pt>
File: Bilder/KinectController.jpg Graphic file (type jpg)

<use Bilder/KinectController.jpg>
Package pdftex.def Info: Bilder/KinectController.jpg used on input line 218.
(pdftex.def)             Requested size: 262.9556pt x 137.01093pt.
 [38] [39 <./Bilder/KinectController.jpg>]
<Bilder/ros_nodes_flow.jpg, id=195, 499.8675pt x 327.47343pt>
File: Bilder/ros_nodes_flow.jpg Graphic file (type jpg)

<use Bilder/ros_nodes_flow.jpg>
Package pdftex.def Info: Bilder/ros_nodes_flow.jpg used on input line 231.
(pdftex.def)             Requested size: 349.90486pt x 229.22984pt.
 [40] [41 <./Bilder/ros_nodes_flow.jpg>]
<Bilder/REMODE.jpg, id=202, 516.42938pt x 289.58188pt>
File: Bilder/REMODE.jpg Graphic file (type jpg)
 <use Bilder/REMODE.jpg>
Package pdftex.def Info: Bilder/REMODE.jpg used on input line 256.
(pdftex.def)             Requested size: 258.21405pt x 144.79057pt.

[42 <./Bilder/REMODE.jpg>]
Underfull \hbox (badness 10000) in paragraph at lines 268--269

 []

<Bilder/door.jpg, id=207, 430.0065pt x 322.806pt>
File: Bilder/door.jpg Graphic file (type jpg)
 <use Bilder/door.jpg>
Package pdftex.def Info: Bilder/door.jpg used on input line 272.
(pdftex.def)             Requested size: 236.5043pt x 177.54384pt.

<Bilder/LoG.png, id=208, 321.2pt x 320.19624pt>
File: Bilder/LoG.png Graphic file (type png)
 <use Bilder/LoG.png>
Package pdftex.def Info: Bilder/LoG.png used on input line 284.
(pdftex.def)             Requested size: 160.59961pt x 160.09772pt.
 [43]
Underfull \hbox (badness 10000) in paragraph at lines 292--296

 []

[44 <./Bilder/door.jpg>] [45 <./Bilder/LoG.png>]
<Bilder/pcl_grouping.jpg, id=220, 734.745pt x 465.23813pt>
File: Bilder/pcl_grouping.jpg Graphic file (type jpg)

<use Bilder/pcl_grouping.jpg>
Package pdftex.def Info: Bilder/pcl_grouping.jpg used on input line 303.
(pdftex.def)             Requested size: 367.3716pt x 232.61848pt.
 [46 <./Bilder/pcl_grouping.jpg>]) [47]
\openout2 = `Inhalt/Evaluation.aux'.


(./Inhalt/Evaluation.tex
chapter 4.
[48



] <Bilder/airsim.png, id=231, 1445.4pt x 813.0375pt>
File: Bilder/airsim.png Graphic file (type png)

<use Bilder/airsim.png>
Package pdftex.def Info: Bilder/airsim.png used on input line 17.
(pdftex.def)             Requested size: 404.70924pt x 227.64894pt.

Overfull \hbox (1.35762pt too wide) in paragraph at lines 13--22
\T1/ppl/m/n/10.95 ver-an-lagt und bie-ten kei-ne pro-gram-ma-ti-sche Schnitt-st
el-le, wes-halb sie für den Zweck
 []

[49])
Overfull \hbox (1.58775pt too wide) in paragraph at lines 26--127
\T1/ppl/m/n/10.95 mög-lichst ex-akt sind. An-de-ren-falls ist das da-mit ver-bu
n-de-ne Feh-ler-po-ten-ti-al zu hoch,
 []

[50 <./Bilder/airsim.png>] [51] (./Studienarbeit.bbl
chapter without number
LaTeX Font Info:    Try loading font information for T1+cmtt on input line 5.
(c:/texlive/2016/texmf-dist/tex/latex/base/t1cmtt.fd
File: t1cmtt.fd 2014/09/29 v2.5h Standard LaTeX font definitions
)
Underfull \hbox (badness 10000) in paragraph at lines 4--8
[]\T1/ppl/m/n/10.95 ``Parrot AR.Drone.'' $\T1/cmtt/m/n/10.95 https : / / www . 
parrot . com / fr / sites / default / files /
 []


Underfull \hbox (badness 10000) in paragraph at lines 4--8
\T1/cmtt/m/n/10.95 styles / product _ teaser _ hightlight / public / parrot _ a
r _ drone _ gps _
 []


Underfull \hbox (badness 10000) in paragraph at lines 10--14
[]\T1/ppl/m/n/10.95 ``PointCloud vi-sua-li-siert.'' $\T1/cmtt/m/n/10.95 https :
 / / student . myvectorworks . net / public _
 []


Underfull \hbox (badness 10000) in paragraph at lines 10--14
\T1/cmtt/m/n/10.95 newsletters / 2016 / 07 / 6 / StudenPortal-[]eNL _ Detail _ 
content2 . html ? utm _
 []


Underfull \hbox (badness 10000) in paragraph at lines 10--14
\T1/cmtt/m/n/10.95 campaign = newsletteredu & utm _ source = image & utm _ medi
um = portal & utm _
 []


Underfull \hbox (badness 6016) in paragraph at lines 16--20
[]\T1/ppl/m/n/10.95 ``Lochkamera Prin-zip.'' $\T1/cmtt/m/n/10.95 https : / / en
 . wikipedia . org / wiki / Pinhole _ camera _
 []


Underfull \hbox (badness 1490) in paragraph at lines 22--26
[]\T1/ppl/m/n/10.95 ``Nividia Open-CV.'' $\T1/cmtt/m/n/10.95 http : / / docs . 
opencv . org / 2 . 4 / doc / tutorials / calib3d /
 []


Underfull \hbox (badness 10000) in paragraph at lines 28--32
[]\T1/ppl/m/n/10.95 ``Lochkamera Prin-zip.'' $\T1/cmtt/m/n/10.95 https : / / gi
thub . com / uzh-[]rpg / rpg _ open _ remode /
 []


Underfull \hbox (badness 10000) in paragraph at lines 39--42
[]\T1/ppl/m/n/10.95 ``Marr-Hildreth-Operator.'' $\T1/cmtt/m/n/10.95 https : / /
 de . wikipedia . org / wiki /
 []


Underfull \hbox (badness 7133) in paragraph at lines 44--48
\T1/cmtt/m/n/10.95 tutorials / correspondence _ grouping . php # correspondence
-[]grouping$\T1/ppl/m/n/10.95 , 2017.
 []

[52


]
Underfull \hbox (badness 1521) in paragraph at lines 50--53
[]\T1/ppl/m/n/10.95 Shital Shah and De-ba-de-ep-ta Dey and Chris Lovett and Ash
ish Ka-poor,
 []


Underfull \hbox (badness 10000) in paragraph at lines 74--76
[]\T1/ppl/m/n/10.95 ``ROS Kon-zep-te.'' $\T1/cmtt/m/n/10.95 http : / / wiki . r
os . org / ROS / Concepts$\T1/ppl/m/n/10.95 , 2017.  vi-si-ted:
 []


Underfull \hbox (badness 10000) in paragraph at lines 78--81
[]\T1/ppl/m/n/10.95 ``ROS im Hei-se Ma-ga-zin.'' $\T1/cmtt/m/n/10.95 https : / 
/ www . heise . de / developer / artikel /
 []


Underfull \hbox (badness 10000) in paragraph at lines 83--86
[]\T1/ppl/m/n/10.95 ``Single Re-spon-si-bi-li-ty Prin-ci-ple.'' $\T1/cmtt/m/n/1
0.95 http : / / clean-[]code-[]developer . de /
 []


Underfull \hbox (badness 10000) in paragraph at lines 93--97
[]\T1/ppl/m/n/10.95 ``Message Bro-ker.'' $\T1/cmtt/m/n/10.95 http : / / www . e
nterpriseintegrationpatterns . com /
 []


Underfull \hbox (badness 10000) in paragraph at lines 99--103
[]\T1/ppl/m/n/10.95 ``Eventbus.'' $\T1/cmtt/m/n/10.95 http : / / timnew . me / 
blog / 2014 / 12 / 06 /
 []

[53]
Underfull \hbox (badness 4859) in paragraph at lines 105--107
[]\T1/ppl/m/n/10.95 ``TUM Si-mu-la-tor.'' $\T1/cmtt/m/n/10.95 http : / / wiki .
 ros . org / tum _ simulator$\T1/ppl/m/n/10.95 , no-te = vi-si-ted:
 []


Underfull \hbox (badness 10000) in paragraph at lines 109--113
[]\T1/ppl/m/n/10.95 ``Programmstruktur mit rea-ler Droh-ne.'' $\T1/cmtt/m/n/10.
95 http : / / wiki . ros . org / tum _
 []


Underfull \hbox (badness 10000) in paragraph at lines 109--113
\T1/cmtt/m/n/10.95 simulator ? action = AttachFile & do = get & target = real _
 structure . png$\T1/ppl/m/n/10.95 , 2017.
 []


Underfull \hbox (badness 10000) in paragraph at lines 115--119
\T1/cmtt/m/n/10.95 action = AttachFile & do = get & target = sim _ structure . 
png$\T1/ppl/m/n/10.95 , 2017.  vi-si-ted:
 []


Underfull \hbox (badness 10000) in paragraph at lines 121--124
[]\T1/ppl/m/n/10.95 ``Fuzzylogik.'' $\T1/cmtt/m/n/10.95 http : / / www . spektr
um . de / magazin /
 []


Underfull \hbox (badness 10000) in paragraph at lines 140--143
[]\T1/ppl/m/n/10.95 ``Microsoft Ki-nect .'' $\T1/cmtt/m/n/10.95 https : / / dev
eloper . microsoft . com / de-[]de / windows /
 []


Underfull \hbox (badness 2189) in paragraph at lines 150--152
[]\T1/ppl/m/n/10.95 ``Freenect.'' $\T1/cmtt/m/n/10.95 https : / / github . com 
/ OpenKinect / libfreenect$\T1/ppl/m/n/10.95 , 2017.  vi-si-ted:
 []

[54]
Underfull \hbox (badness 10000) in paragraph at lines 161--164
[]\T1/ppl/m/n/10.95 ``Definition Point-Cloud.'' $\T1/cmtt/m/n/10.95 http : / / 
whatis . techtarget . com / definition /
 []


Underfull \hbox (badness 10000) in paragraph at lines 170--173
[]\T1/ppl/m/n/10.95 ``Reprojektionsfehler.'' $\T1/cmtt/m/n/10.95 https : / / en
 . wikipedia . org / wiki / Reprojection _
 []


Underfull \hbox (badness 3954) in paragraph at lines 175--177
[]\T1/ppl/m/n/10.95 ``Odometrie.'' $\T1/cmtt/m/n/10.95 https : / / en . wikiped
ia . org / wiki / Odometry$\T1/ppl/m/n/10.95 , 2017.  vi-si-ted:
 []


Underfull \hbox (badness 10000) in paragraph at lines 189--192
[]\T1/ppl/m/n/10.95 ``Camera Ca-li-bra-ti-on.'' $\T1/cmtt/m/n/10.95 https : / /
 github . com / uzh-[]rpg / rpg _ svo / wiki /
 []


Underfull \hbox (badness 10000) in paragraph at lines 194--197
[]\T1/ppl/m/n/10.95 ``Camera De-fects.'' $\T1/cmtt/m/n/10.95 http : / / www . a
ishack . in / tutorials /
 []


Underfull \hbox (badness 10000) in paragraph at lines 199--203
[]\T1/ppl/m/n/10.95 ``CMOS.'' $\T1/cmtt/m/n/10.95 https : / / de . wikipedia . 
org / wiki / Complementary _
 []


Underfull \hbox (badness 10000) in paragraph at lines 205--209
\T1/cmtt/m/n/10.95 10467 / 66885 / F3-[]DP-[]2017-[]Pahorecky-[]Petr-[]priloha-
[]ARDrone _ Developer _
 []

[55]
Underfull \hbox (badness 10000) in paragraph at lines 224--228
[]\T1/ppl/m/n/10.95 ``Statistik apo-stio-ri.'' $\T1/cmtt/m/n/10.95 http : / / w
ww . mathematik . uni-[]ulm . de / stochastik /
 []


Underfull \hbox (badness 2875) in paragraph at lines 240--242
[]\T1/ppl/m/n/10.95 ``OpenNI Launch.'' $\T1/cmtt/m/n/10.95 http : / / wiki . ro
s . org / openni _ launch$\T1/ppl/m/n/10.95 , 2017.  vi-si-ted:
 []


Underfull \hbox (badness 1642) in paragraph at lines 244--246
[]\T1/ppl/m/n/10.95 ``OpenNI Tracker.'' $\T1/cmtt/m/n/10.95 http : / / wiki . r
os . org / openni _ tracker$\T1/ppl/m/n/10.95 , 2017.  vi-si-ted:
 []


Underfull \hbox (badness 1845) in paragraph at lines 248--251
[]\T1/ppl/m/n/10.95 ``Nachrichten Typ TF-Mes-sa-ge.'' $\T1/cmtt/m/n/10.95 http 
: / / docs . ros . org / jade / api / tf2 _ msgs /
 []


Underfull \hbox (badness 1127) in paragraph at lines 258--262
[]\T1/ppl/m/n/10.95 ``Filter in der Bild-ver-ar-bei-tung.'' $\T1/cmtt/m/n/10.95
 https : / / de . mathworks . com / help / images /
 []


Underfull \hbox (badness 5771) in paragraph at lines 258--262
\T1/cmtt/m/n/10.95 what-[]is-[]image-[]filtering-[]in-[]the-[]spatial-[]domain 
. html$\T1/ppl/m/n/10.95 , 2017.  vi-si-ted:
 []

[56]) [57] (./Studienarbeit.aux (./Inhalt/titelseite.aux)
(./Inhalt/erklaerung.aux) (./Inhalt/abstract.aux) (./Inhalt/einleitung.aux)
(./Inhalt/vorlagen.aux) (./Inhalt/implementation.aux) (./Inhalt/Evaluation.aux)
)

LaTeX Font Warning: Some font shapes were not available, defaults substituted.


LaTeX Warning: There were multiply-defined labels.

 ) 
Here is how much of TeX's memory you used:
 9515 strings out of 493013
 143147 string characters out of 6136992
 307192 words of memory out of 5000000
 12773 multiletter control sequences out of 15000+600000
 45394 words of font info for 107 fonts, out of 8000000 for 9000
 1141 hyphenation exceptions out of 8191
 54i,12n,66p,8900b,2071s stack positions out of 5000i,500n,10000p,200000b,80000s
{c:/texlive/2016/texmf-dist/fonts/enc/dvips/cm-super/cm-super-t1.enc}{c:/texl
ive/2016/texmf-dist/fonts/enc/dvips/base/8r.enc}<c:/texlive/2016/texmf-dist/fon
ts/type1/public/amsfonts/cm/cmr10.pfb><c:/texlive/2016/texmf-dist/fonts/type1/p
ublic/amsfonts/cm/cmsy10.pfb><c:/texlive/2016/texmf-dist/fonts/type1/public/mat
hpazo/fplmbb.pfb><c:/texlive/2016/texmf-dist/fonts/type1/public/mathpazo/fplmr.
pfb><c:/texlive/2016/texmf-dist/fonts/type1/public/cm-super/sfcc1095.pfb><c:/te
xlive/2016/texmf-dist/fonts/type1/public/cm-super/sfsi1095.pfb><c:/texlive/2016
/texmf-dist/fonts/type1/public/cm-super/sfss1095.pfb><c:/texlive/2016/texmf-dis
t/fonts/type1/public/cm-super/sfss1440.pfb><c:/texlive/2016/texmf-dist/fonts/ty
pe1/public/cm-super/sfsx1095.pfb><c:/texlive/2016/texmf-dist/fonts/type1/public
/cm-super/sfsx1200.pfb><c:/texlive/2016/texmf-dist/fonts/type1/public/cm-super/
sfsx1440.pfb><c:/texlive/2016/texmf-dist/fonts/type1/public/cm-super/sfsx1728.p
fb><c:/texlive/2016/texmf-dist/fonts/type1/public/cm-super/sfsx2074.pfb><c:/tex
live/2016/texmf-dist/fonts/type1/public/cm-super/sftt1095.pfb><c:/texlive/2016/
texmf-dist/fonts/type1/urw/palatino/uplb8a.pfb><c:/texlive/2016/texmf-dist/font
s/type1/urw/palatino/uplr8a.pfb><c:/texlive/2016/texmf-dist/fonts/type1/urw/pal
atino/uplri8a.pfb>
Output written on Studienarbeit.pdf (64 pages, 6176453 bytes).
PDF statistics:
 319 PDF objects out of 1000 (max. 8388607)
 198 compressed objects within 2 object streams
 0 named destinations out of 1000 (max. 500000)
 127 words of extra memory for PDF output out of 10000 (max. 10000000)

